<?xml version="1.0" encoding="UTF-8"?>
<!-- Generated by org.testng.reporters.JUnitXMLReporter -->
<testsuite hostname="Anjithas-Air.domain.name" ignored="0" name="Flight Search Test" tests="1" failures="1" timestamp="08 Jul 2020 10:47:40 GMT" time="28.383" errors="0">
  <testcase name="flightSearchTest" time="28.376" classname="com.testcases.FlightSearchTest">
    <failure type="java.lang.AssertionError" message="expected [6] but found [5]">
      <![CDATA[java.lang.AssertionError: expected [6] but found [5]
at com.errorcollectors.ErrorCollector.assertEquals(ErrorCollector.java:38)
at com.errorcollectors.ErrorCollector.verifyEquals(ErrorCollector.java:102)
at com.testcases.FlightSearchTest.flightSearchTest(FlightSearchTest.java:19)
... Removed 30 stack frames]]>
    </failure>
  </testcase> <!-- flightSearchTest -->
</testsuite> <!-- Flight Search Test -->
